<?xml version="1.0" encoding="UTF-8"?>
<testng-results ignored="0" total="1" passed="1" failed="0" skipped="0">
  <reporter-output>
  </reporter-output>
  <suite started-at="2022-12-04T11:33:24 EST" name="Default suite" finished-at="2022-12-04T11:33:28 EST" duration-ms="4310">
    <groups>
    </groups>
    <test started-at="2022-12-04T11:33:24 EST" name="Default test" finished-at="2022-12-04T11:33:28 EST" duration-ms="4310">
      <class name="com.qa.fifa.SearchTest">
        <test-method signature="validateSearch()[pri:0, instance:com.qa.fifa.SearchTest@55634720]" started-at="2022-12-04T11:33:24 EST" name="validateSearch" finished-at="2022-12-04T11:33:28 EST" duration-ms="4241" status="PASS">
          <reporter-output>
          </reporter-output>
        </test-method> <!-- validateSearch -->
      </class> <!-- com.qa.fifa.SearchTest -->
    </test> <!-- Default test -->
  </suite> <!-- Default suite -->
</testng-results>
